<?xml version="1.0" encoding="UTF-8"?>
<!-- Generated by org.testng.reporters.JUnitReportReporter -->
<testsuite hostname="LAPTOP-EDNCN82O" failures="1" tests="15" name="com.day1.AutomateForm" time="8.410" errors="0" timestamp="2023-07-18T03:12:50 IST" skipped="0">
  <testcase classname="com.day1.AutomateForm" name="enterFirstName" time="0.209">
    <failure message="Test case intentionally failed" type="java.lang.AssertionError">
      <![CDATA[java.lang.AssertionError: Test case intentionally failed
at org.testng.Assert.fail(Assert.java:110)
at com.day1.AutomateForm.enterFirstName(AutomateForm.java:77)
at java.base/jdk.internal.reflect.NativeMethodAccessorImpl.invoke0(Native Method)
at java.base/jdk.internal.reflect.NativeMethodAccessorImpl.invoke(NativeMethodAccessorImpl.java:77)
at java.base/jdk.internal.reflect.DelegatingMethodAccessorImpl.invoke(DelegatingMethodAccessorImpl.java:43)
at java.base/java.lang.reflect.Method.invoke(Method.java:568)
at org.testng.internal.invokers.MethodInvocationHelper.invokeMethod(MethodInvocationHelper.java:139)
at org.testng.internal.invokers.TestInvoker.invokeMethod(TestInvoker.java:677)
at org.testng.internal.invokers.TestInvoker.invokeTestMethod(TestInvoker.java:221)
at org.testng.internal.invokers.MethodRunner.runInSequence(MethodRunner.java:50)
at org.testng.internal.invokers.TestInvoker$MethodInvocationAgent.invoke(TestInvoker.java:969)
at org.testng.internal.invokers.TestInvoker.invokeTestMethods(TestInvoker.java:194)
at org.testng.internal.invokers.TestMethodWorker.invokeTestMethods(TestMethodWorker.java:148)
at org.testng.internal.invokers.TestMethodWorker.run(TestMethodWorker.java:128)
at java.base/java.util.ArrayList.forEach(ArrayList.java:1511)
at org.testng.TestRunner.privateRun(TestRunner.java:829)
at org.testng.TestRunner.run(TestRunner.java:602)
at org.testng.SuiteRunner.runTest(SuiteRunner.java:437)
at org.testng.SuiteRunner.runSequentially(SuiteRunner.java:431)
at org.testng.SuiteRunner.privateRun(SuiteRunner.java:391)
at org.testng.SuiteRunner.run(SuiteRunner.java:330)
at org.testng.SuiteRunnerWorker.runSuite(SuiteRunnerWorker.java:52)
at org.testng.SuiteRunnerWorker.run(SuiteRunnerWorker.java:95)
at org.testng.TestNG.runSuitesSequentially(TestNG.java:1256)
at org.testng.TestNG.runSuitesLocally(TestNG.java:1176)
at org.testng.TestNG.runSuites(TestNG.java:1099)
at org.testng.TestNG.run(TestNG.java:1067)
at org.testng.remote.AbstractRemoteTestNG.run(AbstractRemoteTestNG.java:115)
at org.testng.remote.RemoteTestNG.initAndRun(RemoteTestNG.java:251)
at org.testng.remote.RemoteTestNG.main(RemoteTestNG.java:77)
]]>
    </failure>
  </testcase> <!-- enterFirstName -->
  <system-out>
    <![CDATA[First Name field is filled]]>
  </system-out>
  <testcase classname="com.day1.AutomateForm" name="enterLastName" time="0.134"/>
  <system-out>
    <![CDATA[Last name field is filled]]>
  </system-out>
  <testcase classname="com.day1.AutomateForm" name="selectGender" time="0.100"/>
  <system-out>
    <![CDATA[Gender field is selected]]>
  </system-out>
  <testcase classname="com.day1.AutomateForm" name="enterAddress" time="0.170"/>
  <system-out>
    <![CDATA[Street Address field is filled]]>
  </system-out>
  <testcase classname="com.day1.AutomateForm" name="enterCity" time="0.204"/>
  <system-out>
    <![CDATA[City field is filled]]>
  </system-out>
  <testcase classname="com.day1.AutomateForm" name="enterZipCode" time="0.132"/>
  <system-out>
    <![CDATA[Zip Code field is filled]]>
  </system-out>
  <testcase classname="com.day1.AutomateForm" name="enterState" time="0.151"/>
  <system-out>
    <![CDATA[State field is entered]]>
  </system-out>
  <testcase classname="com.day1.AutomateForm" name="selectCountry" time="0.245"/>
  <system-out>
    <![CDATA[Country is selected]]>
  </system-out>
  <testcase classname="com.day1.AutomateForm" name="enterEmail" time="0.152"/>
  <system-out>
    <![CDATA[Email field is entered]]>
  </system-out>
  <testcase classname="com.day1.AutomateForm" name="selectConvenientTime" time="0.417"/>
  <system-out>
    <![CDATA[No. of hours of Convenient Time is selected
No. of minutes of Convenient Time is selected]]>
  </system-out>
  <testcase classname="com.day1.AutomateForm" name="enterMobileNumber" time="0.122"/>
  <system-out>
    <![CDATA[Mobile Number field is entered]]>
  </system-out>
  <testcase classname="com.day1.AutomateForm" name="selectCoursesInterested" time="0.219"/>
  <system-out>
    <![CDATA[Selenium WebDriver checkbox is selected
Core Java checkbox is selected]]>
  </system-out>
  <testcase classname="com.day1.AutomateForm" name="enterQuery" time="0.165"/>
  <system-out>
    <![CDATA[Query field is filled]]>
  </system-out>
  <testcase classname="com.day1.AutomateForm" name="enterVerificationNumber" time="0.119"/>
  <system-out>
    <![CDATA[Verification Number field is filled]]>
  </system-out>
  <testcase classname="com.day1.AutomateForm" name="submitForm" time="5.871"/>
  <system-out>
    <![CDATA[Submit Button is clicked]]>
  </system-out>
</testsuite> <!-- com.day1.AutomateForm -->
