<?xml version="1.0" encoding="UTF-8"?>
<!-- Generated by org.testng.reporters.JUnitReportReporter -->
<testsuite hostname="LAPTOP-EDNCN82O" failures="0" tests="2" name="com.assignment1.AutomateForm" time="0.444" errors="0" timestamp="2023-07-28T02:49:15 IST" skipped="0">
  <testcase classname="com.assignment1.AutomateForm" name="enterContactDetails" time="0.171">
    <system-out>
      <![CDATA[Email field is entered
Mobile Number field is entered]]>
    </system-out>
  </testcase> <!-- enterContactDetails -->
  <testcase classname="com.assignment1.AutomateForm" name="selectConvenientTimeAndCourses" time="0.273">
    <system-out>
      <![CDATA[No. of hours of Convenient Time is selected
No. of minutes of Convenient Time is selected
Selenium WebDriver checkbox is selected
Core Java checkbox is selected]]>
    </system-out>
  </testcase> <!-- selectConvenientTimeAndCourses -->
  <system-out>
    <![CDATA[Email field is entered
Mobile Number field is entered
No. of hours of Convenient Time is selected
No. of minutes of Convenient Time is selected
Selenium WebDriver checkbox is selected
Core Java checkbox is selected]]>
  </system-out>
</testsuite> <!-- com.assignment1.AutomateForm -->
